[INFO ] 2023-02-10 05:26:39.759 [main] APIMethods - Response received
[INFO ] 2023-02-10 05:26:39.840 [main] APIMethods - Response received
[INFO ] 2023-02-10 05:26:39.978 [main] APIMethods - Response received for invalid user
[INFO ] 2023-02-10 05:26:40.087 [main] APIMethods - Response received for invalid user
[ERROR] 2023-02-10 05:26:40.676 [main] APIMethods - post response
[ERROR] 2023-02-10 05:26:40.975 [main] APIMethods - post response
[INFO ] 2023-02-10 05:26:41.101 [main] APIMethods - Response received for email only user
[INFO ] 2023-02-10 05:26:41.207 [main] APIMethods - Response received for email only user
[INFO ] 2023-02-10 05:26:41.318 [main] APIMethods - Response received for put request
[INFO ] 2023-02-10 05:26:41.429 [main] APIMethods - Response received for put request
[INFO ] 2023-02-10 11:57:42.421 [main] APIMethods - Response received
[INFO ] 2023-02-10 11:57:42.507 [main] APIMethods - Response received
[INFO ] 2023-02-10 11:57:42.654 [main] APIMethods - Response received for invalid user
[INFO ] 2023-02-10 11:57:42.766 [main] APIMethods - Response received for invalid user
[ERROR] 2023-02-10 11:57:43.146 [main] APIMethods - post response
[ERROR] 2023-02-10 11:57:43.485 [main] APIMethods - post response
[INFO ] 2023-02-10 11:57:43.617 [main] APIMethods - Response received for email only user
[INFO ] 2023-02-10 11:57:43.758 [main] APIMethods - Response received for email only user
[INFO ] 2023-02-10 11:57:43.876 [main] APIMethods - Response received for put request
[INFO ] 2023-02-10 11:57:43.996 [main] APIMethods - Response received for put request
[INFO ] 2023-02-10 12:00:06.770 [main] APIMethods - Response received
[INFO ] 2023-02-10 12:00:06.858 [main] APIMethods - Response received
[INFO ] 2023-02-10 12:00:07.002 [main] APIMethods - Response received for invalid user
[INFO ] 2023-02-10 12:00:07.112 [main] APIMethods - Response received for invalid user
[ERROR] 2023-02-10 12:00:07.487 [main] APIMethods - post response
[ERROR] 2023-02-10 12:00:07.788 [main] APIMethods - post response
[INFO ] 2023-02-10 12:00:07.911 [main] APIMethods - Response received for email only user
[INFO ] 2023-02-10 12:00:08.045 [main] APIMethods - Response received for email only user
[INFO ] 2023-02-10 12:00:08.161 [main] APIMethods - Response received for put request
[INFO ] 2023-02-10 12:00:08.274 [main] APIMethods - Response received for put request
[INFO ] 2023-02-10 12:01:23.889 [main] APIMethods - Response received
[INFO ] 2023-02-10 12:01:23.972 [main] APIMethods - Response received
[INFO ] 2023-02-10 12:01:24.118 [main] APIMethods - Response received for invalid user
[INFO ] 2023-02-10 12:01:24.205 [main] APIMethods - Response received for invalid user
[ERROR] 2023-02-10 12:01:24.546 [main] APIMethods - post response
[ERROR] 2023-02-10 12:01:24.847 [main] APIMethods - post response
[INFO ] 2023-02-10 12:01:24.978 [main] APIMethods - Response received for email only user
[INFO ] 2023-02-10 12:01:25.094 [main] APIMethods - Response received for email only user
[INFO ] 2023-02-10 12:01:25.229 [main] APIMethods - Response received for put request
[INFO ] 2023-02-10 12:01:25.343 [main] APIMethods - Response received for put request
[INFO ] 2023-02-10 12:03:03.837 [main] APIMethods - Response received
[INFO ] 2023-02-10 12:03:03.960 [main] APIMethods - Response received
[INFO ] 2023-02-10 12:03:04.060 [main] APIMethods - Response received for invalid user
[INFO ] 2023-02-10 12:03:04.168 [main] APIMethods - Response received for invalid user
[ERROR] 2023-02-10 12:03:04.836 [main] APIMethods - post response
[ERROR] 2023-02-10 12:03:05.180 [main] APIMethods - post response
[INFO ] 2023-02-10 12:03:05.309 [main] APIMethods - Response received for email only user
[INFO ] 2023-02-10 12:03:05.426 [main] APIMethods - Response received for email only user
[INFO ] 2023-02-10 12:03:05.544 [main] APIMethods - Response received for put request
[INFO ] 2023-02-10 12:03:05.654 [main] APIMethods - Response received for put request
[INFO ] 2023-02-10 12:05:00.000 [main] APIMethods - Response received
[INFO ] 2023-02-10 12:05:00.105 [main] APIMethods - Response received
[INFO ] 2023-02-10 12:05:00.197 [main] APIMethods - Response received for invalid user
[INFO ] 2023-02-10 12:05:00.281 [main] APIMethods - Response received for invalid user
[ERROR] 2023-02-10 12:05:00.647 [main] APIMethods - post response
[ERROR] 2023-02-10 12:05:00.984 [main] APIMethods - post response
[INFO ] 2023-02-10 12:05:01.123 [main] APIMethods - Response received for email only user
[INFO ] 2023-02-10 12:05:01.236 [main] APIMethods - Response received for email only user
[INFO ] 2023-02-10 12:05:01.358 [main] APIMethods - Response received for put request
[INFO ] 2023-02-10 12:05:01.476 [main] APIMethods - Response received for put request
[INFO ] 2023-02-10 12:07:22.141 [main] APIMethods - Response received
[INFO ] 2023-02-10 12:07:22.240 [main] APIMethods - Response received
[INFO ] 2023-02-10 12:07:22.357 [main] APIMethods - Response received for invalid user
[INFO ] 2023-02-10 12:07:22.475 [main] APIMethods - Response received for invalid user
[ERROR] 2023-02-10 12:07:22.859 [main] APIMethods - post response
[ERROR] 2023-02-10 12:07:23.193 [main] APIMethods - post response
[INFO ] 2023-02-10 12:07:23.328 [main] APIMethods - Response received for email only user
[INFO ] 2023-02-10 12:07:23.449 [main] APIMethods - Response received for email only user
[INFO ] 2023-02-10 12:07:23.586 [main] APIMethods - Response received for put request
[INFO ] 2023-02-10 12:07:23.693 [main] APIMethods - Response received for put request
[INFO ] 2023-02-10 12:09:46.079 [main] APIMethods - Response received
[INFO ] 2023-02-10 12:09:46.171 [main] APIMethods - Response received
[INFO ] 2023-02-10 12:09:46.306 [main] APIMethods - Response received for invalid user
[INFO ] 2023-02-10 12:09:46.386 [main] APIMethods - Response received for invalid user
[ERROR] 2023-02-10 12:09:46.512 [main] APIMethods - post response
[ERROR] 2023-02-10 12:09:46.627 [main] APIMethods - post response
[INFO ] 2023-02-10 12:09:46.774 [main] APIMethods - Response received for email only user
[INFO ] 2023-02-10 12:09:46.886 [main] APIMethods - Response received for email only user
[INFO ] 2023-02-10 12:09:47.006 [main] APIMethods - Response received for put request
[INFO ] 2023-02-10 12:09:47.115 [main] APIMethods - Response received for put request
[INFO ] 2023-02-10 12:11:08.819 [main] APIMethods - Response received
[INFO ] 2023-02-10 12:11:08.915 [main] APIMethods - Response received
[INFO ] 2023-02-10 12:11:09.085 [main] APIMethods - Response received for invalid user
[INFO ] 2023-02-10 12:11:09.220 [main] APIMethods - Response received for invalid user
[ERROR] 2023-02-10 12:11:09.356 [main] APIMethods - post response
[ERROR] 2023-02-10 12:11:09.470 [main] APIMethods - post response
[INFO ] 2023-02-10 12:11:09.621 [main] APIMethods - Response received for email only user
[INFO ] 2023-02-10 12:11:09.736 [main] APIMethods - Response received for email only user
[INFO ] 2023-02-10 12:11:09.862 [main] APIMethods - Response received for put request
[INFO ] 2023-02-10 12:11:09.979 [main] APIMethods - Response received for put request
[INFO ] 2023-02-10 12:13:13.987 [main] APIMethods - Response received
[INFO ] 2023-02-10 12:13:14.076 [main] APIMethods - Response received
[INFO ] 2023-02-10 12:13:14.185 [main] APIMethods - Response received for invalid user
[INFO ] 2023-02-10 12:13:14.294 [main] APIMethods - Response received for invalid user
[ERROR] 2023-02-10 12:13:14.670 [main] APIMethods - post response
[ERROR] 2023-02-10 12:13:14.980 [main] APIMethods - post response
[INFO ] 2023-02-10 12:13:15.100 [main] APIMethods - Response received for email only user
[INFO ] 2023-02-10 12:13:15.219 [main] APIMethods - Response received for email only user
[INFO ] 2023-02-10 12:13:15.339 [main] APIMethods - Response received for put request
[INFO ] 2023-02-10 12:13:15.452 [main] APIMethods - Response received for put request
[INFO ] 2023-02-10 12:21:01.779 [main] APIMethods - Response received
[INFO ] 2023-02-10 12:21:01.869 [main] APIMethods - Response received
[INFO ] 2023-02-10 12:21:02.058 [main] APIMethods - Response received for invalid user
[INFO ] 2023-02-10 12:21:02.197 [main] APIMethods - Response received for invalid user
[ERROR] 2023-02-10 12:21:02.609 [main] APIMethods - post response
[ERROR] 2023-02-10 12:21:02.939 [main] APIMethods - post response
[INFO ] 2023-02-10 12:21:03.064 [main] APIMethods - Response received for email only user
[INFO ] 2023-02-10 12:21:03.197 [main] APIMethods - Response received for email only user
[INFO ] 2023-02-10 12:21:03.325 [main] APIMethods - Response received for put request
[INFO ] 2023-02-10 12:21:03.450 [main] APIMethods - Response received for put request
[INFO ] 2023-02-10 14:18:13.872 [main] APIMethods - Response received
[INFO ] 2023-02-10 14:18:13.956 [main] APIMethods - Response received
[INFO ] 2023-02-10 14:18:14.114 [main] APIMethods - Response received for invalid user
[ERROR] 2023-02-10 14:18:14.495 [main] APIMethods - post response
[ERROR] 2023-02-10 14:18:14.830 [main] APIMethods - post response
[INFO ] 2023-02-10 14:18:14.946 [main] APIMethods - Response received for email only user
[INFO ] 2023-02-10 14:18:15.060 [main] APIMethods - Response received for email only user
[INFO ] 2023-02-10 14:18:15.166 [main] APIMethods - Response received for put request
[INFO ] 2023-02-10 14:18:15.285 [main] APIMethods - Response received for put request
[INFO ] 2023-02-10 14:20:19.914 [main] APIMethods - Response received
[INFO ] 2023-02-10 14:20:20.033 [main] APIMethods - Response received
[INFO ] 2023-02-10 14:20:20.187 [main] APIMethods - Response received for invalid user
[ERROR] 2023-02-10 14:20:20.612 [main] APIMethods - post response
[ERROR] 2023-02-10 14:20:20.995 [main] APIMethods - post response
[INFO ] 2023-02-10 14:20:21.132 [main] APIMethods - Response received for email only user
[INFO ] 2023-02-10 14:20:21.253 [main] APIMethods - Response received for email only user
[INFO ] 2023-02-10 14:20:21.371 [main] APIMethods - Response received for put request
[INFO ] 2023-02-10 14:20:21.481 [main] APIMethods - Response received for put request
[INFO ] 2023-02-10 14:25:02.912 [main] APIMethods - Response received
[INFO ] 2023-02-10 14:25:02.998 [main] APIMethods - Response received
[INFO ] 2023-02-10 14:25:03.162 [main] APIMethods - Response received for invalid user
[ERROR] 2023-02-10 14:25:03.536 [main] APIMethods - post response
[ERROR] 2023-02-10 14:25:03.873 [main] APIMethods - post response
[INFO ] 2023-02-10 14:25:04.008 [main] APIMethods - Response received for email only user
[INFO ] 2023-02-10 14:25:04.143 [main] APIMethods - Response received for email only user
[INFO ] 2023-02-10 14:25:04.268 [main] APIMethods - Response received for put request
[INFO ] 2023-02-10 14:25:04.377 [main] APIMethods - Response received for put request
[INFO ] 2023-02-10 15:41:01.960 [main] APIMethods - Response received
[INFO ] 2023-02-10 15:41:02.058 [main] APIMethods - Response received
[INFO ] 2023-02-10 15:41:02.210 [main] APIMethods - Response received for invalid user
[ERROR] 2023-02-10 15:41:02.615 [main] APIMethods - post response
[ERROR] 2023-02-10 15:41:02.962 [main] APIMethods - post response
[INFO ] 2023-02-10 15:41:03.097 [main] APIMethods - Response received for email only user
[INFO ] 2023-02-10 15:41:03.224 [main] APIMethods - Response received for email only user
[INFO ] 2023-02-10 15:41:03.375 [main] APIMethods - Response received for put request
[INFO ] 2023-02-10 15:41:03.492 [main] APIMethods - Response received for put request
[INFO ] 2023-02-10 15:44:18.388 [main] APIMethods - Response received
[INFO ] 2023-02-10 15:44:18.482 [main] APIMethods - Response received
[INFO ] 2023-02-10 15:44:18.638 [main] APIMethods - Response received for invalid user
[ERROR] 2023-02-10 15:44:19.016 [main] APIMethods - post response
[ERROR] 2023-02-10 15:44:19.378 [main] APIMethods - post response
[INFO ] 2023-02-10 15:44:19.516 [main] APIMethods - Response received for email only user
[INFO ] 2023-02-10 15:44:19.635 [main] APIMethods - Response received for email only user
[INFO ] 2023-02-10 15:44:19.763 [main] APIMethods - Response received for put request
[INFO ] 2023-02-10 15:44:19.881 [main] APIMethods - Response received for put request
[INFO ] 2023-02-10 15:46:07.686 [main] APIMethods - Response received
[INFO ] 2023-02-10 15:46:07.782 [main] APIMethods - Response received
[INFO ] 2023-02-10 15:46:07.937 [main] APIMethods - Response received for invalid user
[ERROR] 2023-02-10 15:46:08.322 [main] APIMethods - post response
[ERROR] 2023-02-10 15:46:08.633 [main] APIMethods - post response
[INFO ] 2023-02-10 15:46:08.787 [main] APIMethods - Response received for email only user
[INFO ] 2023-02-10 15:46:08.906 [main] APIMethods - Response received for email only user
[INFO ] 2023-02-10 15:46:09.058 [main] APIMethods - Response received for put request
[INFO ] 2023-02-10 15:46:09.168 [main] APIMethods - Response received for put request
[INFO ] 2023-02-10 15:53:48.801 [main] APIMethods - Response received
[INFO ] 2023-02-10 15:53:48.887 [main] APIMethods - Response received
[INFO ] 2023-02-10 15:53:49.036 [main] APIMethods - Response received for invalid user
[ERROR] 2023-02-10 15:53:49.463 [main] APIMethods - post response
[ERROR] 2023-02-10 15:53:49.790 [main] APIMethods - post response
[INFO ] 2023-02-10 15:53:49.929 [main] APIMethods - Response received for email only user
[INFO ] 2023-02-10 15:53:50.063 [main] APIMethods - Response received for email only user
[INFO ] 2023-02-10 15:53:50.195 [main] APIMethods - Response received for put request
[INFO ] 2023-02-10 15:53:50.307 [main] APIMethods - Response received for put request
[INFO ] 2023-02-10 16:01:14.836 [main] APIMethods - Response received
[INFO ] 2023-02-10 16:01:14.926 [main] APIMethods - Response received
[INFO ] 2023-02-10 16:01:15.074 [main] APIMethods - Response received for invalid user
[ERROR] 2023-02-10 16:01:15.477 [main] APIMethods - post response
[ERROR] 2023-02-10 16:01:15.827 [main] APIMethods - post response
[INFO ] 2023-02-10 16:01:15.961 [main] APIMethods - Response received for email only user
[INFO ] 2023-02-10 16:01:16.092 [main] APIMethods - Response received for email only user
[INFO ] 2023-02-10 16:01:16.220 [main] APIMethods - Response received for put request
[INFO ] 2023-02-10 16:01:16.341 [main] APIMethods - Response received for put request
[INFO ] 2023-02-10 16:32:22.568 [main] APIMethods - Response received for invalid user
[INFO ] 2023-02-10 16:32:22.723 [main] APIMethods - Response received for invalid user
[ERROR] 2023-02-10 16:32:23.155 [main] APIMethods - post response
[ERROR] 2023-02-10 16:32:23.511 [main] APIMethods - post response
[INFO ] 2023-02-10 16:32:23.647 [main] APIMethods - Response received for email only user
[INFO ] 2023-02-10 16:32:23.798 [main] APIMethods - Response received for email only user
[INFO ] 2023-02-10 16:32:24.003 [main] APIMethods - Response received for put request
[INFO ] 2023-02-10 16:32:24.130 [main] APIMethods - Response received for put request
[INFO ] 2023-02-10 16:33:57.462 [main] APIMethods - Response received for invalid user
[INFO ] 2023-02-10 16:33:57.629 [main] APIMethods - Response received for invalid user
[ERROR] 2023-02-10 16:33:58.141 [main] APIMethods - post response
[ERROR] 2023-02-10 16:33:58.614 [main] APIMethods - post response
[INFO ] 2023-02-10 16:33:58.750 [main] APIMethods - Response received for email only user
[INFO ] 2023-02-10 16:33:58.883 [main] APIMethods - Response received for email only user
[INFO ] 2023-02-10 16:33:59.009 [main] APIMethods - Response received for put request
[INFO ] 2023-02-10 16:33:59.131 [main] APIMethods - Response received for put request
[INFO ] 2023-02-10 16:34:57.844 [main] APIMethods - Response received
[INFO ] 2023-02-10 16:34:57.928 [main] APIMethods - Response received
[INFO ] 2023-02-10 16:34:58.081 [main] APIMethods - Response received for invalid user
[INFO ] 2023-02-10 16:34:58.190 [main] APIMethods - Response received for invalid user
[ERROR] 2023-02-10 16:34:58.570 [main] APIMethods - post response
[ERROR] 2023-02-10 16:34:59.093 [main] APIMethods - post response
[INFO ] 2023-02-10 16:34:59.233 [main] APIMethods - Response received for email only user
[INFO ] 2023-02-10 16:34:59.350 [main] APIMethods - Response received for email only user
[INFO ] 2023-02-10 16:34:59.475 [main] APIMethods - Response received for put request
[INFO ] 2023-02-10 16:34:59.610 [main] APIMethods - Response received for put request
[INFO ] 2023-02-10 16:35:34.656 [main] APIMethods - Response received
[INFO ] 2023-02-10 16:35:34.761 [main] APIMethods - Response received
[INFO ] 2023-02-10 16:35:34.887 [main] APIMethods - Response received for invalid user
[INFO ] 2023-02-10 16:35:35.008 [main] APIMethods - Response received for invalid user
[ERROR] 2023-02-10 16:35:35.437 [main] APIMethods - post response
[ERROR] 2023-02-10 16:35:35.754 [main] APIMethods - post response
[INFO ] 2023-02-10 16:35:35.884 [main] APIMethods - Response received for email only user
[INFO ] 2023-02-10 16:35:36.018 [main] APIMethods - Response received for email only user
[INFO ] 2023-02-10 16:35:36.150 [main] APIMethods - Response received for put request
[INFO ] 2023-02-10 16:35:36.271 [main] APIMethods - Response received for put request
[INFO ] 2023-02-10 16:41:29.422 [main] APIMethods - Response received
[INFO ] 2023-02-10 16:41:29.527 [main] APIMethods - Response received
[INFO ] 2023-02-10 16:41:29.673 [main] APIMethods - Response received for invalid user
[INFO ] 2023-02-10 16:41:29.770 [main] APIMethods - Response received for invalid user
[ERROR] 2023-02-10 16:41:30.202 [main] APIMethods - post response
[ERROR] 2023-02-10 16:41:30.530 [main] APIMethods - post response
[INFO ] 2023-02-10 16:41:30.671 [main] APIMethods - Response received for email only user
[INFO ] 2023-02-10 16:41:30.798 [main] APIMethods - Response received for email only user
[INFO ] 2023-02-10 16:41:30.957 [main] APIMethods - Response received for put request
[INFO ] 2023-02-10 16:41:31.066 [main] APIMethods - Response received for put request
[INFO ] 2023-02-10 16:41:46.088 [main] APIMethods - Response received
[INFO ] 2023-02-10 16:41:46.181 [main] APIMethods - Response received
[INFO ] 2023-02-10 16:41:46.321 [main] APIMethods - Response received for invalid user
[INFO ] 2023-02-10 16:41:46.447 [main] APIMethods - Response received for invalid user
[ERROR] 2023-02-10 16:41:46.832 [main] APIMethods - post response
[ERROR] 2023-02-10 16:41:47.199 [main] APIMethods - post response
[INFO ] 2023-02-10 16:41:47.333 [main] APIMethods - Response received for email only user
[INFO ] 2023-02-10 16:41:47.446 [main] APIMethods - Response received for email only user
[INFO ] 2023-02-10 16:41:47.574 [main] APIMethods - Response received for put request
[INFO ] 2023-02-10 16:41:47.701 [main] APIMethods - Response received for put request
[INFO ] 2023-02-10 16:43:23.617 [main] APIMethods - Response received
[INFO ] 2023-02-10 16:43:23.712 [main] APIMethods - Response received
[INFO ] 2023-02-10 16:43:23.817 [main] APIMethods - Response received for invalid user
[INFO ] 2023-02-10 16:43:23.951 [main] APIMethods - Response received for invalid user
[ERROR] 2023-02-10 16:43:24.380 [main] APIMethods - post response
[ERROR] 2023-02-10 16:43:24.740 [main] APIMethods - post response
[INFO ] 2023-02-10 16:43:24.876 [main] APIMethods - Response received for email only user
[INFO ] 2023-02-10 16:43:25.010 [main] APIMethods - Response received for email only user
[INFO ] 2023-02-10 16:43:25.142 [main] APIMethods - Response received for put request
[INFO ] 2023-02-10 16:43:25.269 [main] APIMethods - Response received for put request
